<?xml version="1.0" encoding="UTF-8"?>
<!-- Generated by org.testng.reporters.JUnitReportReporter -->
<testsuite hostname="Khaja-Mohinuddin" failures="0" tests="1" name="com.automation.tests.LoginPractice" time="18.661" errors="0" timestamp="2024-03-19T13:19:44 IST" skipped="0">
  <testcase classname="com.automation.tests.LoginPractice" name="login" time="18.661"/>
  <system-out/>
</testsuite> <!-- com.automation.tests.LoginPractice -->
