<?xml version="1.0" encoding="UTF-8"?>
<!-- Generated by org.testng.reporters.JUnitReportReporter -->
<testsuite hostname="Khaja-Mohinuddin" failures="0" tests="1" name="com.automation.javaScriptExecutor.tests.JavaScript" time="11.320" errors="0" timestamp="2024-03-24T12:28:09 IST" skipped="0">
  <testcase classname="com.automation.javaScriptExecutor.tests.JavaScript" name="explicitWait" time="11.320"/>
  <system-out/>
</testsuite> <!-- com.automation.javaScriptExecutor.tests.JavaScript -->
