<?xml version="1.0" encoding="UTF-8"?>
<!-- Generated by org.testng.reporters.JUnitReportReporter -->
<testsuite hostname="Khaja-Mohinuddin" failures="0" tests="1" name="com.automation.screenShots.ScreenShot" time="24.226" errors="0" timestamp="2024-03-22T16:05:05 IST" skipped="0">
  <testcase classname="com.automation.screenShots.ScreenShot" name="takeScreenShot" time="24.226"/>
  <system-out/>
</testsuite> <!-- com.automation.screenShots.ScreenShot -->
