<?xml version="1.0" encoding="UTF-8"?>
<!-- Generated by org.testng.reporters.JUnitReportReporter -->
<testsuite hostname="Khaja-Mohinuddin" failures="0" tests="1" name="com.automation.screenShots.Practice1" time="16.333" errors="0" timestamp="2024-03-22T16:58:35 IST" skipped="0">
  <testcase classname="com.automation.screenShots.Practice1" name="getScreenShot" time="16.333"/>
  <system-out/>
</testsuite> <!-- com.automation.screenShots.Practice1 -->
