<?xml version="1.0" encoding="UTF-8"?>
<!-- Generated by org.testng.reporters.JUnitReportReporter -->
<testsuite hostname="Khaja-Mohinuddin" failures="0" tests="2" name="ParallelTestingUsingTestNG.tests.Class2" time="0.035" errors="0" timestamp="2024-03-21T16:26:38 IST" skipped="0">
  <testcase classname="ParallelTestingUsingTestNG.tests.Class2" name="method4" time="0.022"/>
  <system-out/>
  <testcase classname="ParallelTestingUsingTestNG.tests.Class2" name="method5" time="0.013"/>
  <system-out/>
</testsuite> <!-- ParallelTestingUsingTestNG.tests.Class2 -->
