<?xml version="1.0" encoding="UTF-8"?>
<!-- Generated by org.testng.reporters.JUnitReportReporter -->
<testsuite hostname="Khaja-Mohinuddin" failures="0" tests="1" name="com.automation.windowhandles.HandleTab" time="19.984" errors="0" timestamp="2024-03-23T13:04:55 IST" skipped="0">
  <testcase classname="com.automation.windowhandles.HandleTab" name="singleWindowandle" time="19.984"/>
  <system-out/>
</testsuite> <!-- com.automation.windowhandles.HandleTab -->
