<?xml version="1.0" encoding="UTF-8"?>
<!-- Generated by org.testng.reporters.JUnitReportReporter -->
<testsuite hostname="Khaja-Mohinuddin" failures="0" tests="1" name="com.automation.DataProvider.LoginPractice" time="65.062" errors="0" timestamp="2024-08-03T16:28:04 IST" skipped="0">
  <testcase classname="com.automation.DataProvider.LoginPractice" name="login" time="65.062"/>
  <system-out/>
</testsuite> <!-- com.automation.DataProvider.LoginPractice -->
