<?xml version="1.0" encoding="UTF-8"?>
<!-- Generated by org.testng.reporters.JUnitReportReporter -->
<testsuite hostname="Khaja-Mohinuddin" failures="0" tests="1" name="ParallelTestingUsingTestNG.tests.Class3" time="0.004" errors="0" timestamp="2024-03-21T16:26:38 IST" skipped="0">
  <testcase classname="ParallelTestingUsingTestNG.tests.Class3" name="method6" time="0.004"/>
  <system-out/>
</testsuite> <!-- ParallelTestingUsingTestNG.tests.Class3 -->
