<?xml version="1.0" encoding="UTF-8"?>
<!-- Generated by org.testng.reporters.JUnitReportReporter -->
<testsuite hostname="Khaja-Mohinuddin" failures="0" tests="1" name="com.automation.windowhandles.WindowHandle" time="16.368" errors="0" timestamp="2024-03-23T12:49:19 IST" skipped="0">
  <testcase classname="com.automation.windowhandles.WindowHandle" name="singleWindowandle" time="16.368"/>
  <system-out/>
</testsuite> <!-- com.automation.windowhandles.WindowHandle -->
