<?xml version="1.0" encoding="UTF-8"?>
<!-- Generated by org.testng.reporters.JUnitReportReporter -->
<testsuite hostname="Khaja-Mohinuddin" failures="0" tests="1" name="com.automation.alertsPopup.Popup" time="14.045" errors="0" timestamp="2024-03-23T11:40:41 IST" skipped="0">
  <testcase classname="com.automation.alertsPopup.Popup" name="popups" time="14.045"/>
  <system-out/>
</testsuite> <!-- com.automation.alertsPopup.Popup -->
