<?xml version="1.0" encoding="UTF-8"?>
<!-- Generated by org.testng.reporters.JUnitReportReporter -->
<testsuite hostname="Khaja-Mohinuddin" failures="0" tests="3" name="ParallelTestingUsingTestNG.tests.Class1" time="0.029" errors="0" timestamp="2024-03-21T16:26:38 IST" skipped="0">
  <testcase classname="ParallelTestingUsingTestNG.tests.Class1" name="method2" time="0.003"/>
  <system-out/>
  <testcase classname="ParallelTestingUsingTestNG.tests.Class1" name="method3" time="0.004"/>
  <system-out/>
  <testcase classname="ParallelTestingUsingTestNG.tests.Class1" name="method1" time="0.022"/>
  <system-out/>
</testsuite> <!-- ParallelTestingUsingTestNG.tests.Class1 -->
