<?xml version="1.0" encoding="UTF-8"?>
<!-- Generated by org.testng.reporters.JUnitReportReporter -->
<testsuite hostname="Khaja-Mohinuddin" failures="0" tests="1" name="ParallelTestingUsingTestNG.tests.Login_Test_1" time="37.168" errors="0" timestamp="2024-03-26T00:10:41 IST" skipped="0">
  <testcase classname="ParallelTestingUsingTestNG.tests.Login_Test_1" name="login" time="37.168"/>
  <system-out/>
</testsuite> <!-- ParallelTestingUsingTestNG.tests.Login_Test_1 -->
